TN:
SF:/Users/lijun/workspace/FrontEnd/my-json-schema-form/lib/SchemaForm.tsx
FN:25,(anonymous_0)
FN:26,(anonymous_1)
FN:36,(anonymous_2)
FNF:3
FNH:3
FNDA:7,(anonymous_0)
FNDA:4,(anonymous_1)
FNDA:7,(anonymous_2)
DA:1,3
DA:3,3
DA:4,3
DA:6,3
DA:26,7
DA:27,4
DA:30,7
DA:34,7
DA:36,7
DA:37,7
DA:38,7
LF:11
LH:11
BRF:0
BRH:0
end_of_record
TN:
SF:/Users/lijun/workspace/FrontEnd/my-json-schema-form/lib/SchemaItem.tsx
FN:12,(anonymous_0)
FN:13,(anonymous_1)
FN:17,(anonymous_2)
FNF:3
FNH:3
FNDA:17,(anonymous_0)
FNDA:20,(anonymous_1)
FNDA:23,(anonymous_2)
DA:1,3
DA:2,3
DA:3,3
DA:4,3
DA:5,3
DA:6,3
DA:7,3
DA:9,3
DA:13,17
DA:14,20
DA:15,20
DA:17,17
DA:18,23
DA:19,23
DA:21,23
DA:23,23
DA:25,9
DA:26,9
DA:28,8
DA:29,8
DA:31,3
DA:32,3
DA:34,3
DA:35,3
DA:37,0
DA:40,23
LF:26
LH:25
BRDA:24,0,0,9
BRDA:24,0,1,8
BRDA:24,0,2,3
BRDA:24,0,3,3
BRDA:24,0,4,0
BRF:5
BRH:4
end_of_record
TN:
SF:/Users/lijun/workspace/FrontEnd/my-json-schema-form/lib/context.ts
FN:6,useVJSFContext
FNF:1
FNH:1
FNDA:8,useVJSFContext
DA:1,3
DA:4,3
DA:8,8
DA:10,8
DA:11,0
DA:14,8
LF:6
LH:5
BRDA:10,0,0,0
BRDA:10,0,1,8
BRF:2
BRH:1
end_of_record
TN:
SF:/Users/lijun/workspace/FrontEnd/my-json-schema-form/lib/index.ts
FN:10,(anonymous_5)
FNF:1
FNH:1
FNDA:21,(anonymous_5)
DA:1,3
DA:2,3
DA:3,3
DA:4,3
DA:5,3
DA:6,3
DA:8,3
DA:10,90
LF:8
LH:8
BRDA:10,0,0,42
BRDA:10,0,1,84
BRF:2
BRH:2
end_of_record
TN:
SF:/Users/lijun/workspace/FrontEnd/my-json-schema-form/lib/theme.tsx
FN:14,(anonymous_0)
FN:15,(anonymous_1)
FN:17,(anonymous_2)
FN:21,getWidget
FN:27,(anonymous_4)
FNF:5
FNH:5
FNDA:3,(anonymous_0)
FNDA:3,(anonymous_1)
FNDA:3,(anonymous_2)
FNDA:3,getWidget
FNDA:3,(anonymous_4)
DA:1,3
DA:4,3
DA:6,3
DA:15,3
DA:16,3
DA:17,3
DA:24,3
DA:25,3
DA:27,3
DA:28,3
DA:31,3
DA:34,3
LF:12
LH:12
BRDA:17,0,0,3
BRDA:17,0,1,3
BRDA:25,1,0,0
BRDA:25,1,1,3
BRF:4
BRH:3
end_of_record
TN:
SF:/Users/lijun/workspace/FrontEnd/my-json-schema-form/lib/types.ts
FN:3,(anonymous_0)
FN:112,(anonymous_1)
FN:116,(anonymous_2)
FNF:3
FNH:3
FNDA:3,(anonymous_0)
FNDA:3,(anonymous_1)
FNDA:3,(anonymous_2)
DA:1,3
DA:3,3
DA:4,3
DA:5,3
DA:6,3
DA:7,3
DA:8,3
DA:9,3
DA:52,3
DA:70,3
DA:75,3
DA:83,3
DA:112,3
DA:113,3
DA:116,3
DA:117,3
DA:118,3
LF:17
LH:17
BRDA:3,0,0,3
BRDA:3,0,1,3
BRDA:112,1,0,3
BRDA:112,1,1,3
BRDA:116,2,0,3
BRDA:116,2,1,3
BRF:6
BRH:6
end_of_record
TN:
SF:/Users/lijun/workspace/FrontEnd/my-json-schema-form/lib/utils.ts
FN:9,isObject
FN:13,isEmptyObject
FN:17,hasOwnProperty
FN:30,validateData
FN:39,resolveSchema
FN:48,(anonymous_5)
FN:58,retrieveSchema
FN:98,stubExistingAdditionalProperties
FN:109,(anonymous_8)
FN:150,resolveReference
FN:163,findSchemaDefinition
FN:182,resolveDependencies
FN:207,processDependencies
FN:249,withDependentProperties
FN:259,withDependentSchema
FN:280,(anonymous_15)
FN:294,withExactlyOneSubschema
FN:301,(anonymous_17)
FN:341,mergeSchemas
FN:343,(anonymous_19)
FN:375,getSchemaType
FN:392,(anonymous_21)
FN:424,guessType
FN:442,isConstant
FN:449,isSelect
FN:455,(anonymous_25)
FN:460,isMultiSelect
FN:468,getMatchingOption
FN:487,(anonymous_28)
FN:527,mergeDefaultsWithFormData
FN:532,(anonymous_30)
FN:540,(anonymous_31)
FNF:32
FNH:4
FNDA:29,isObject
FNDA:0,isEmptyObject
FNDA:60,hasOwnProperty
FNDA:0,validateData
FNDA:20,resolveSchema
FNDA:0,(anonymous_5)
FNDA:20,retrieveSchema
FNDA:0,stubExistingAdditionalProperties
FNDA:0,(anonymous_8)
FNDA:0,resolveReference
FNDA:0,findSchemaDefinition
FNDA:0,resolveDependencies
FNDA:0,processDependencies
FNDA:0,withDependentProperties
FNDA:0,withDependentSchema
FNDA:0,(anonymous_15)
FNDA:0,withExactlyOneSubschema
FNDA:0,(anonymous_17)
FNDA:0,mergeSchemas
FNDA:0,(anonymous_19)
FNDA:0,getSchemaType
FNDA:0,(anonymous_21)
FNDA:0,guessType
FNDA:0,isConstant
FNDA:0,isSelect
FNDA:0,(anonymous_25)
FNDA:0,isMultiSelect
FNDA:0,getMatchingOption
FNDA:0,(anonymous_28)
FNDA:0,mergeDefaultsWithFormData
FNDA:0,(anonymous_30)
FNDA:0,(anonymous_31)
DA:1,3
DA:5,3
DA:6,3
DA:7,3
DA:10,29
DA:14,0
DA:22,60
DA:29,3
DA:31,0
DA:32,0
DA:40,20
DA:41,0
DA:42,20
DA:43,0
DA:44,0
DA:45,20
DA:46,0
DA:49,0
DA:54,20
DA:63,20
DA:64,0
DA:66,20
DA:69,20
DA:70,0
DA:71,0
DA:77,0
DA:78,0
DA:79,0
DA:83,20
DA:85,20
DA:87,0
DA:93,20
DA:96,3
DA:104,0
DA:109,0
DA:110,0
DA:112,0
DA:116,0
DA:117,0
DA:122,0
DA:123,0
DA:125,0
DA:129,0
DA:131,0
DA:134,0
DA:152,0
DA:154,0
DA:156,0
DA:164,0
DA:165,0
DA:167,0
DA:169,0
DA:171,0
DA:172,0
DA:173,0
DA:175,0
DA:177,0
DA:179,0
DA:188,0
DA:189,0
DA:190,0
DA:194,0
DA:195,0
DA:200,0
DA:214,0
DA:216,0
DA:217,0
DA:220,0
DA:224,0
DA:227,0
DA:228,0
DA:229,0
DA:230,0
DA:231,0
DA:239,0
DA:246,0
DA:250,0
DA:251,0
DA:253,0
DA:256,0
DA:267,0
DA:272,0
DA:274,0
DA:275,0
DA:276,0
DA:277,0
DA:280,0
DA:281,0
DA:285,0
DA:301,0
DA:302,0
DA:303,0
DA:305,0
DA:306,0
DA:307,0
DA:314,0
DA:315,0
DA:318,0
DA:319,0
DA:322,0
DA:325,0
DA:327,0
DA:328,0
DA:329,0
DA:342,0
DA:343,0
DA:344,0
DA:345,0
DA:346,0
DA:347,0
DA:348,0
DA:358,0
DA:360,0
DA:362,0
DA:376,0
DA:378,0
DA:379,0
DA:382,0
DA:383,0
DA:386,0
DA:387,0
DA:390,0
DA:391,0
DA:392,0
DA:395,0
DA:424,3
DA:425,0
DA:426,0
DA:427,0
DA:428,0
DA:429,0
DA:430,0
DA:431,0
DA:432,0
DA:433,0
DA:434,0
DA:435,0
DA:436,0
DA:439,0
DA:443,0
DA:450,0
DA:451,0
DA:452,0
DA:453,0
DA:454,0
DA:455,0
DA:457,0
DA:461,0
DA:462,0
DA:464,0
DA:473,0
DA:474,0
DA:483,0
DA:486,0
DA:487,0
DA:495,0
DA:497,0
DA:499,0
DA:500,0
DA:503,0
DA:506,0
DA:508,0
DA:510,0
DA:515,0
DA:517,0
DA:518,0
DA:520,0
DA:521,0
DA:524,0
DA:528,0
DA:529,0
DA:530,0
DA:532,0
DA:533,0
DA:534,0
DA:536,0
DA:538,0
DA:539,0
DA:540,0
DA:541,0
DA:545,0
DA:548,0
DA:558,0
DA:559,0
DA:562,0
DA:571,0
DA:573,0
DA:575,0
DA:576,0
DA:578,0
DA:579,0
DA:581,0
LF:192
LH:19
BRDA:10,0,0,29
BRDA:10,0,1,29
BRDA:10,0,2,29
BRDA:14,1,0,0
BRDA:14,1,1,0
BRDA:39,2,0,0
BRDA:39,3,0,0
BRDA:40,4,0,0
BRDA:40,4,1,20
BRDA:42,5,0,0
BRDA:42,5,1,20
BRDA:45,6,0,0
BRDA:45,6,1,20
BRDA:45,7,0,20
BRDA:45,7,1,0
BRDA:60,8,0,0
BRDA:61,9,0,8
BRDA:63,10,0,0
BRDA:63,10,1,20
BRDA:69,11,0,0
BRDA:69,11,1,20
BRDA:83,12,0,20
BRDA:83,12,1,0
BRDA:85,13,0,0
BRDA:85,13,1,20
BRDA:100,14,0,0
BRDA:101,15,0,0
BRDA:110,16,0,0
BRDA:110,16,1,0
BRDA:116,17,0,0
BRDA:116,17,1,0
BRDA:122,18,0,0
BRDA:122,18,1,0
BRDA:163,19,0,0
BRDA:165,20,0,0
BRDA:165,20,1,0
BRDA:172,21,0,0
BRDA:172,21,1,0
BRDA:175,22,0,0
BRDA:175,22,1,0
BRDA:188,23,0,0
BRDA:189,24,0,0
BRDA:189,24,1,0
BRDA:194,25,0,0
BRDA:194,25,1,0
BRDA:216,26,0,0
BRDA:216,26,1,0
BRDA:220,27,0,0
BRDA:220,27,1,0
BRDA:221,28,0,0
BRDA:221,28,1,0
BRDA:228,29,0,0
BRDA:228,29,1,0
BRDA:230,30,0,0
BRDA:230,30,1,0
BRDA:250,31,0,0
BRDA:250,31,1,0
BRDA:254,32,0,0
BRDA:254,32,1,0
BRDA:274,33,0,0
BRDA:274,33,1,0
BRDA:276,34,0,0
BRDA:276,34,1,0
BRDA:282,35,0,0
BRDA:282,35,1,0
BRDA:302,36,0,0
BRDA:302,36,1,0
BRDA:306,37,0,0
BRDA:306,37,1,0
BRDA:315,38,0,0
BRDA:315,38,1,0
BRDA:318,39,0,0
BRDA:318,39,1,0
BRDA:344,40,0,0
BRDA:344,40,1,0
BRDA:346,41,0,0
BRDA:346,41,1,0
BRDA:346,42,0,0
BRDA:346,42,1,0
BRDA:346,42,2,0
BRDA:348,43,0,0
BRDA:348,43,1,0
BRDA:349,44,0,0
BRDA:349,44,1,0
BRDA:349,44,2,0
BRDA:349,44,3,0
BRDA:349,44,4,0
BRDA:349,44,5,0
BRDA:349,44,6,0
BRDA:378,45,0,0
BRDA:378,45,1,0
BRDA:378,46,0,0
BRDA:378,46,1,0
BRDA:382,47,0,0
BRDA:382,47,1,0
BRDA:382,48,0,0
BRDA:382,48,1,0
BRDA:386,49,0,0
BRDA:386,49,1,0
BRDA:386,50,0,0
BRDA:386,50,1,0
BRDA:386,50,2,0
BRDA:391,51,0,0
BRDA:391,51,1,0
BRDA:391,52,0,0
BRDA:391,52,1,0
BRDA:391,52,2,0
BRDA:425,53,0,0
BRDA:425,53,1,0
BRDA:427,54,0,0
BRDA:427,54,1,0
BRDA:429,55,0,0
BRDA:429,55,1,0
BRDA:431,56,0,0
BRDA:431,56,1,0
BRDA:433,57,0,0
BRDA:433,57,1,0
BRDA:435,58,0,0
BRDA:435,58,1,0
BRDA:444,59,0,0
BRDA:444,59,1,0
BRDA:444,59,2,0
BRDA:449,60,0,0
BRDA:451,61,0,0
BRDA:451,61,1,0
BRDA:452,62,0,0
BRDA:452,62,1,0
BRDA:454,63,0,0
BRDA:454,63,1,0
BRDA:460,64,0,0
BRDA:461,65,0,0
BRDA:461,65,1,0
BRDA:461,66,0,0
BRDA:461,66,1,0
BRDA:483,67,0,0
BRDA:483,67,1,0
BRDA:495,68,0,0
BRDA:495,68,1,0
BRDA:499,69,0,0
BRDA:499,69,1,0
BRDA:517,70,0,0
BRDA:517,70,1,0
BRDA:520,71,0,0
BRDA:520,71,1,0
BRDA:528,72,0,0
BRDA:528,72,1,0
BRDA:529,73,0,0
BRDA:529,73,1,0
BRDA:533,74,0,0
BRDA:533,74,1,0
BRDA:538,75,0,0
BRDA:538,75,1,0
BRDA:542,76,0,0
BRDA:542,76,1,0
BRDA:558,77,0,0
BRDA:558,77,1,0
BRDA:571,78,0,0
BRDA:571,78,1,0
BRDA:575,79,0,0
BRDA:575,79,1,0
BRDA:575,80,0,0
BRDA:575,80,1,0
BRDA:578,81,0,0
BRDA:578,81,1,0
BRDA:578,82,0,0
BRDA:578,82,1,0
BRDA:578,82,2,0
BRDA:581,83,0,0
BRDA:581,83,1,0
BRF:169
BRH:12
end_of_record
TN:
SF:/Users/lijun/workspace/FrontEnd/my-json-schema-form/lib/fields/ArrayField.tsx
FN:50,(anonymous_0)
FN:55,(anonymous_1)
FN:56,(anonymous_2)
FN:57,(anonymous_3)
FN:58,(anonymous_4)
FN:60,(anonymous_5)
FN:89,(anonymous_6)
FN:92,(anonymous_7)
FN:101,(anonymous_8)
FN:110,(anonymous_9)
FN:119,(anonymous_10)
FN:131,(anonymous_11)
FN:145,(anonymous_12)
FN:157,(anonymous_13)
FN:163,(anonymous_14)
FN:169,(anonymous_15)
FN:170,(anonymous_16)
FN:183,(anonymous_17)
FN:190,(anonymous_18)
FNF:19
FNH:8
FNDA:2,(anonymous_0)
FNDA:0,(anonymous_1)
FNDA:0,(anonymous_2)
FNDA:0,(anonymous_3)
FNDA:0,(anonymous_4)
FNDA:2,(anonymous_5)
FNDA:3,(anonymous_6)
FNDA:0,(anonymous_7)
FNDA:0,(anonymous_8)
FNDA:0,(anonymous_9)
FNDA:0,(anonymous_10)
FNDA:0,(anonymous_11)
FNDA:3,(anonymous_12)
FNDA:2,(anonymous_13)
FNDA:0,(anonymous_14)
FNDA:2,(anonymous_15)
FNDA:2,(anonymous_16)
FNDA:0,(anonymous_17)
FNDA:3,(anonymous_18)
DA:1,3
DA:2,3
DA:3,3
DA:4,3
DA:5,3
DA:7,3
DA:26,3
DA:51,2
DA:53,2
DA:55,2
DA:56,2
DA:57,2
DA:58,2
DA:60,2
DA:61,2
DA:63,2
DA:86,3
DA:90,3
DA:92,3
DA:93,0
DA:94,0
DA:96,0
DA:98,0
DA:101,3
DA:102,0
DA:103,0
DA:105,0
DA:107,0
DA:110,3
DA:111,0
DA:112,0
DA:114,0
DA:116,0
DA:119,3
DA:120,0
DA:122,0
DA:123,0
DA:125,0
DA:126,0
DA:128,0
DA:131,3
DA:132,0
DA:133,0
DA:135,0
DA:137,0
DA:138,0
DA:140,0
DA:143,3
DA:145,3
DA:147,3
DA:149,3
DA:150,3
DA:151,3
DA:152,3
DA:154,3
DA:155,1
DA:156,1
DA:157,2
DA:163,0
DA:166,2
DA:167,1
DA:169,1
DA:170,4
DA:183,0
DA:189,1
DA:190,3
DA:194,1
LF:67
LH:41
BRDA:79,0,0,2
BRDA:79,0,1,2
BRDA:94,1,0,0
BRDA:94,1,1,0
BRDA:103,2,0,0
BRDA:103,2,1,0
BRDA:112,3,0,0
BRDA:112,3,1,0
BRDA:120,4,0,0
BRDA:120,4,1,0
BRDA:123,5,0,0
BRDA:123,5,1,0
BRDA:133,6,0,0
BRDA:133,6,1,0
BRDA:135,7,0,0
BRDA:135,7,1,0
BRDA:152,8,0,3
BRDA:152,8,1,3
BRDA:154,9,0,1
BRDA:154,9,1,2
BRDA:156,10,0,1
BRDA:156,10,1,0
BRDA:166,11,0,1
BRDA:166,11,1,1
BRDA:167,12,0,1
BRDA:167,12,1,0
BRF:26
BRH:10
end_of_record
TN:
SF:/Users/lijun/workspace/FrontEnd/my-json-schema-form/lib/fields/NumberField.tsx
FN:7,(anonymous_0)
FN:8,(anonymous_1)
FN:20,(anonymous_2)
FNF:3
FNH:3
FNDA:5,(anonymous_0)
FNDA:1,(anonymous_1)
FNDA:8,(anonymous_2)
DA:1,3
DA:2,3
DA:4,3
DA:8,5
DA:9,1
DA:11,1
DA:13,1
DA:14,0
DA:16,1
DA:20,5
DA:21,8
DA:22,8
LF:12
LH:11
BRDA:13,0,0,0
BRDA:13,0,1,1
BRF:2
BRH:1
end_of_record
TN:
SF:/Users/lijun/workspace/FrontEnd/my-json-schema-form/lib/fields/ObjectField.tsx
FN:9,(anonymous_0)
FN:12,(anonymous_1)
FN:23,(anonymous_2)
FN:28,(anonymous_3)
FN:34,(anonymous_4)
FNF:5
FNH:5
FNDA:3,(anonymous_0)
FNDA:3,(anonymous_1)
FNDA:6,(anonymous_2)
FNDA:12,(anonymous_3)
FNDA:3,(anonymous_4)
DA:1,3
DA:2,3
DA:3,3
DA:4,3
DA:6,3
DA:10,3
DA:12,3
DA:13,3
DA:14,3
DA:15,1
DA:17,2
DA:20,3
DA:23,3
DA:24,6
DA:25,6
DA:26,6
DA:27,6
DA:28,12
DA:34,3
LF:19
LH:19
BRDA:13,0,0,3
BRDA:13,0,1,0
BRDA:14,1,0,1
BRDA:14,1,1,2
BRDA:26,2,0,6
BRDA:26,2,1,0
BRDA:27,3,0,6
BRDA:27,3,1,0
BRF:8
BRH:5
end_of_record
TN:
SF:/Users/lijun/workspace/FrontEnd/my-json-schema-form/lib/fields/StringField.tsx
FN:7,(anonymous_0)
FN:8,(anonymous_1)
FN:12,(anonymous_2)
FNF:3
FNH:2
FNDA:6,(anonymous_0)
FNDA:0,(anonymous_1)
FNDA:9,(anonymous_2)
DA:1,3
DA:2,3
DA:4,3
DA:8,6
DA:9,0
DA:10,0
DA:12,6
DA:13,9
LF:8
LH:6
BRF:0
BRH:0
end_of_record
TN:
SF:/Users/lijun/workspace/FrontEnd/my-json-schema-form/lib/theme-default/Selection.tsx
FN:7,(anonymous_0)
FN:10,(anonymous_1)
FN:17,(anonymous_2)
FN:18,(anonymous_3)
FN:25,(anonymous_4)
FN:29,(anonymous_5)
FN:31,(anonymous_6)
FN:33,(anonymous_7)
FNF:8
FNH:5
FNDA:1,(anonymous_0)
FNDA:0,(anonymous_1)
FNDA:1,(anonymous_2)
FNDA:0,(anonymous_3)
FNDA:1,(anonymous_4)
FNDA:1,(anonymous_5)
FNDA:0,(anonymous_6)
FNDA:3,(anonymous_7)
DA:1,1
DA:2,1
DA:4,1
DA:8,1
DA:10,1
DA:11,0
DA:12,0
DA:16,1
DA:17,1
DA:19,0
DA:20,0
DA:25,1
DA:26,1
DA:29,1
DA:30,1
DA:31,1
DA:32,0
DA:33,3
DA:42,1
LF:19
LH:14
BRDA:11,0,0,0
BRDA:11,0,1,0
BRDA:19,1,0,0
BRDA:19,1,1,0
BRF:4
BRH:0
end_of_record
TN:
SF:/Users/lijun/workspace/FrontEnd/my-json-schema-form/lib/theme-default/index.tsx
FN:7,(anonymous_0)
FN:8,(anonymous_1)
FNF:2
FNH:0
FNDA:0,(anonymous_0)
FNDA:0,(anonymous_1)
DA:1,1
DA:2,1
DA:3,1
DA:5,1
DA:8,0
DA:12,1
LF:6
LH:5
BRF:0
BRH:0
end_of_record
TN:
SF:/Users/lijun/workspace/FrontEnd/my-json-schema-form/lib/widgets/Selection.tsx
FN:21,(anonymous_0)
FN:24,(anonymous_1)
FN:31,(anonymous_2)
FN:32,(anonymous_3)
FN:39,(anonymous_4)
FN:43,(anonymous_5)
FN:45,(anonymous_6)
FN:47,(anonymous_7)
FNF:8
FNH:0
FNDA:0,(anonymous_0)
FNDA:0,(anonymous_1)
FNDA:0,(anonymous_2)
FNDA:0,(anonymous_3)
FNDA:0,(anonymous_4)
FNDA:0,(anonymous_5)
FNDA:0,(anonymous_6)
FNDA:0,(anonymous_7)
DA:1,3
DA:3,3
DA:22,0
DA:24,0
DA:25,0
DA:26,0
DA:30,0
DA:31,0
DA:33,0
DA:34,0
DA:39,0
DA:40,0
DA:43,0
DA:44,0
DA:45,0
DA:46,0
DA:47,0
LF:17
LH:2
BRDA:25,0,0,0
BRDA:25,0,1,0
BRDA:33,1,0,0
BRDA:33,1,1,0
BRF:4
BRH:0
end_of_record
TN:
SF:/Users/lijun/workspace/FrontEnd/my-json-schema-form/tests/unit/utils/TestComponent.tsx
FN:9,(anonymous_0)
FN:10,(anonymous_1)
FN:33,(anonymous_3)
FN:34,(anonymous_4)
FNF:4
FNH:4
FNDA:3,(anonymous_0)
FNDA:6,(anonymous_1)
FNDA:3,(anonymous_3)
FNDA:6,(anonymous_4)
DA:1,1
DA:2,1
DA:3,1
DA:8,1
DA:10,6
DA:18,1
DA:34,6
LF:7
LH:7
BRDA:12,0,0,3
BRDA:12,0,1,3
BRF:2
BRH:2
end_of_record
